{
  "stats": {
    "suites": 4,
    "tests": 10,
    "passes": 10,
    "pending": 0,
    "failures": 0,
    "start": "2023-10-31T19:11:55.211Z",
    "end": "2023-10-31T19:11:55.227Z",
    "duration": 16,
    "testsRegistered": 10,
    "passPercent": 100,
    "pendingPercent": 0,
    "other": 0,
    "hasOther": false,
    "skipped": 0,
    "hasSkipped": false
  },
  "results": [
    {
      "uuid": "5ade42c5-7ae8-4651-8546-89f1c5efff65",
      "title": "",
      "fullFile": "",
      "file": "",
      "beforeHooks": [
        {
          "title": "\"before each\" hook in \"{root}\"",
          "fullTitle": "\"before each\" hook in \"{root}\"",
          "timedOut": false,
          "duration": 0,
          "state": null,
          "speed": null,
          "pass": false,
          "fail": false,
          "pending": false,
          "context": null,
          "code": "validator = new NumbersValidator();",
          "err": {},
          "uuid": "30772f74-316d-419b-baee-db4edbcb113b",
          "parentUUID": "5ade42c5-7ae8-4651-8546-89f1c5efff65",
          "isHook": true,
          "skipped": false
        }
      ],
      "afterHooks": [
        {
          "title": "\"after each\" hook in \"{root}\"",
          "fullTitle": "\"after each\" hook in \"{root}\"",
          "timedOut": false,
          "duration": 0,
          "state": null,
          "speed": null,
          "pass": false,
          "fail": false,
          "pending": false,
          "context": null,
          "code": "validator = null;",
          "err": {},
          "uuid": "050f014b-6a47-4d4f-a893-b978bae28040",
          "parentUUID": "5ade42c5-7ae8-4651-8546-89f1c5efff65",
          "isHook": true,
          "skipped": false
        }
      ],
      "tests": [],
      "suites": [
        {
          "uuid": "958853dc-14e1-43cd-a47d-8d598b2116bc",
          "title": "Check isNumberEven method",
          "fullFile": "/home/runner/work/unit-test-example/unit-test-example/test/numbers-validator/isNumberEven.spec.js",
          "file": "/test/numbers-validator/isNumberEven.spec.js",
          "beforeHooks": [],
          "afterHooks": [],
          "tests": [
            {
              "title": "should return true when even number is provided",
              "fullTitle": "Check isNumberEven method should return true when even number is provided",
              "timedOut": false,
              "duration": 1,
              "state": "passed",
              "speed": "fast",
              "pass": true,
              "fail": false,
              "pending": false,
              "context": null,
              "code": "const validationResults = validator.isNumberEven(4);\n// chai feature\nexpect(validationResults).to.be.equal(true);",
              "err": {},
              "uuid": "6b5c5928-802a-401f-871d-8ee6d15e3ee5",
              "parentUUID": "958853dc-14e1-43cd-a47d-8d598b2116bc",
              "isHook": false,
              "skipped": false
            },
            {
              "title": "should return false when odd number is provided",
              "fullTitle": "Check isNumberEven method should return false when odd number is provided",
              "timedOut": false,
              "duration": 0,
              "state": "passed",
              "speed": "fast",
              "pass": true,
              "fail": false,
              "pending": false,
              "context": null,
              "code": "const validationResults = validator.isNumberEven(5);\n// chai feature\nexpect(validationResults).to.be.equal(false);",
              "err": {},
              "uuid": "6b0e4901-2421-4182-93ba-899486200822",
              "parentUUID": "958853dc-14e1-43cd-a47d-8d598b2116bc",
              "isHook": false,
              "skipped": false
            },
            {
              "title": "should throw an error when string is provided",
              "fullTitle": "Check isNumberEven method should throw an error when string is provided",
              "timedOut": false,
              "duration": 1,
              "state": "passed",
              "speed": "fast",
              "pass": true,
              "fail": false,
              "pending": false,
              "context": null,
              "code": "expect(() => {\n  validator.isNumberEven('4');\n}).to.throw(`[4] is not of type \"Number\" it is of type \"string\"`);",
              "err": {},
              "uuid": "d27322c7-ccf6-4e40-a217-e3fe84cbd7e5",
              "parentUUID": "958853dc-14e1-43cd-a47d-8d598b2116bc",
              "isHook": false,
              "skipped": false
            }
          ],
          "suites": [],
          "passes": [
            "6b5c5928-802a-401f-871d-8ee6d15e3ee5",
            "6b0e4901-2421-4182-93ba-899486200822",
            "d27322c7-ccf6-4e40-a217-e3fe84cbd7e5"
          ],
          "failures": [],
          "pending": [],
          "skipped": [],
          "duration": 2,
          "root": false,
          "rootEmpty": false,
          "_timeout": 2000
        },
        {
          "uuid": "54db850e-fc98-4d27-9e0d-ba0553c741c2",
          "title": "Check getEvenNumbersFromArray method",
          "fullFile": "/home/runner/work/unit-test-example/unit-test-example/test/numbers-validator/isNumberEven.spec.js",
          "file": "/test/numbers-validator/isNumberEven.spec.js",
          "beforeHooks": [],
          "afterHooks": [],
          "tests": [
            {
              "title": "should return true of even numbers",
              "fullTitle": "Check getEvenNumbersFromArray method should return true of even numbers",
              "timedOut": false,
              "duration": 1,
              "state": "passed",
              "speed": "fast",
              "pass": true,
              "fail": false,
              "pending": false,
              "context": null,
              "code": "const validationResults = validator.getEvenNumbersFromArray([2, 5, 8, 67]);\nexpect(validationResults).to.have.all.members([2, 8]);",
              "err": {},
              "uuid": "f45d5ae0-679b-4c72-9d03-c52fa332d33b",
              "parentUUID": "54db850e-fc98-4d27-9e0d-ba0553c741c2",
              "isHook": false,
              "skipped": false
            },
            {
              "title": "should throw an error when array of strings is provided",
              "fullTitle": "Check getEvenNumbersFromArray method should throw an error when array of strings is provided",
              "timedOut": false,
              "duration": 1,
              "state": "passed",
              "speed": "fast",
              "pass": true,
              "fail": false,
              "pending": false,
              "context": null,
              "code": "expect(() => {\n  validator.getEvenNumbersFromArray(['8', '67']);\n}).to.throw(`[8,67] is not an array of \"Numbers\"`);",
              "err": {},
              "uuid": "8ced7ef1-d712-47c5-b0c6-d0d09c3261c0",
              "parentUUID": "54db850e-fc98-4d27-9e0d-ba0553c741c2",
              "isHook": false,
              "skipped": false
            }
          ],
          "suites": [],
          "passes": [
            "f45d5ae0-679b-4c72-9d03-c52fa332d33b",
            "8ced7ef1-d712-47c5-b0c6-d0d09c3261c0"
          ],
          "failures": [],
          "pending": [],
          "skipped": [],
          "duration": 2,
          "root": false,
          "rootEmpty": false,
          "_timeout": 2000
        },
        {
          "uuid": "877474bd-4170-45af-92da-c42de4893202",
          "title": "Check isAllNumbers method",
          "fullFile": "/home/runner/work/unit-test-example/unit-test-example/test/numbers-validator/isNumberEven.spec.js",
          "file": "/test/numbers-validator/isNumberEven.spec.js",
          "beforeHooks": [],
          "afterHooks": [],
          "tests": [
            {
              "title": "should return true if all elements are numbers",
              "fullTitle": "Check isAllNumbers method should return true if all elements are numbers",
              "timedOut": false,
              "duration": 0,
              "state": "passed",
              "speed": "fast",
              "pass": true,
              "fail": false,
              "pending": false,
              "context": null,
              "code": "const validationResults = validator.isAllNumbers([4, 8, 10, 44]);\nexpect(validationResults).to.be.equal(true);",
              "err": {},
              "uuid": "6cf86d47-6f79-48e0-abb7-15b6201cbdfa",
              "parentUUID": "877474bd-4170-45af-92da-c42de4893202",
              "isHook": false,
              "skipped": false
            },
            {
              "title": "should return false if not all elements are numbers",
              "fullTitle": "Check isAllNumbers method should return false if not all elements are numbers",
              "timedOut": false,
              "duration": 1,
              "state": "passed",
              "speed": "fast",
              "pass": true,
              "fail": false,
              "pending": false,
              "context": null,
              "code": "const validationResults = validator.isAllNumbers([4, 8, '9', 44]);\nexpect(validationResults).to.be.equal(false);",
              "err": {},
              "uuid": "8ae631ef-bf48-45a4-9f16-064ef8dfbea0",
              "parentUUID": "877474bd-4170-45af-92da-c42de4893202",
              "isHook": false,
              "skipped": false
            },
            {
              "title": "should throw an error when not array is provided",
              "fullTitle": "Check isAllNumbers method should throw an error when not array is provided",
              "timedOut": false,
              "duration": 0,
              "state": "passed",
              "speed": "fast",
              "pass": true,
              "fail": false,
              "pending": false,
              "context": null,
              "code": "expect(() => {\n  validator.isAllNumbers('8');\n}).to.throw(`[8] is not an array`);",
              "err": {},
              "uuid": "93fd717e-53e1-406e-9fd1-a55f9e1e9faa",
              "parentUUID": "877474bd-4170-45af-92da-c42de4893202",
              "isHook": false,
              "skipped": false
            }
          ],
          "suites": [],
          "passes": [
            "6cf86d47-6f79-48e0-abb7-15b6201cbdfa",
            "8ae631ef-bf48-45a4-9f16-064ef8dfbea0",
            "93fd717e-53e1-406e-9fd1-a55f9e1e9faa"
          ],
          "failures": [],
          "pending": [],
          "skipped": [],
          "duration": 1,
          "root": false,
          "rootEmpty": false,
          "_timeout": 2000
        },
        {
          "uuid": "2be973c7-bfc2-439f-9c15-e26b0d29e976",
          "title": "Check isInteger method",
          "fullFile": "/home/runner/work/unit-test-example/unit-test-example/test/numbers-validator/isNumberEven.spec.js",
          "file": "/test/numbers-validator/isNumberEven.spec.js",
          "beforeHooks": [],
          "afterHooks": [],
          "tests": [
            {
              "title": "should return true if integer is provided",
              "fullTitle": "Check isInteger method should return true if integer is provided",
              "timedOut": false,
              "duration": 0,
              "state": "passed",
              "speed": "fast",
              "pass": true,
              "fail": false,
              "pending": false,
              "context": null,
              "code": "expect(validator.isInteger(4)).to.be.equal(true);",
              "err": {},
              "uuid": "241970ce-4a40-4117-8eac-d8b43010a9ee",
              "parentUUID": "2be973c7-bfc2-439f-9c15-e26b0d29e976",
              "isHook": false,
              "skipped": false
            },
            {
              "title": "should throw an error if string is provided",
              "fullTitle": "Check isInteger method should throw an error if string is provided",
              "timedOut": false,
              "duration": 1,
              "state": "passed",
              "speed": "fast",
              "pass": true,
              "fail": false,
              "pending": false,
              "context": null,
              "code": "expect(() => {\n  validator.isInteger('6');\n}).to.throw(`[6] is not a number`);",
              "err": {},
              "uuid": "5dba0368-91c1-4ef6-89e5-4619048d7473",
              "parentUUID": "2be973c7-bfc2-439f-9c15-e26b0d29e976",
              "isHook": false,
              "skipped": false
            }
          ],
          "suites": [],
          "passes": [
            "241970ce-4a40-4117-8eac-d8b43010a9ee",
            "5dba0368-91c1-4ef6-89e5-4619048d7473"
          ],
          "failures": [],
          "pending": [],
          "skipped": [],
          "duration": 1,
          "root": false,
          "rootEmpty": false,
          "_timeout": 2000
        }
      ],
      "passes": [],
      "failures": [],
      "pending": [],
      "skipped": [],
      "duration": 0,
      "root": true,
      "rootEmpty": true,
      "_timeout": 2000
    }
  ],
  "meta": {
    "mocha": {
      "version": "10.2.0"
    },
    "mochawesome": {
      "options": {
        "quiet": false,
        "reportFilename": "mochawesome",
        "saveHtml": true,
        "saveJson": true,
        "consoleReporter": "spec",
        "useInlineDiffs": false,
        "code": true
      },
      "version": "7.1.3"
    },
    "marge": {
      "options": null,
      "version": "6.2.0"
    }
  }
}